Traceback (most recent call last):
  File "/Users/mike/opt/anaconda3/envs/teaching/lib/python3.11/site-packages/jupyter_cache/executors/utils.py", line 58, in single_nb_execution
    executenb(
  File "/Users/mike/opt/anaconda3/envs/teaching/lib/python3.11/site-packages/nbclient/client.py", line 1305, in execute
    return NotebookClient(nb=nb, resources=resources, km=km, **kwargs).execute()
           ^^^^^^^^^^^^^^^^^^^^^^^^^^^^^^^^^^^^^^^^^^^^^^^^^^^^^^^^^^^^^^^^^^^^^
  File "/Users/mike/opt/anaconda3/envs/teaching/lib/python3.11/site-packages/jupyter_core/utils/__init__.py", line 166, in wrapped
    return loop.run_until_complete(inner)
           ^^^^^^^^^^^^^^^^^^^^^^^^^^^^^^
  File "/Users/mike/opt/anaconda3/envs/teaching/lib/python3.11/asyncio/base_events.py", line 653, in run_until_complete
    return future.result()
           ^^^^^^^^^^^^^^^
  File "/Users/mike/opt/anaconda3/envs/teaching/lib/python3.11/site-packages/nbclient/client.py", line 705, in async_execute
    await self.async_execute_cell(
  File "/Users/mike/opt/anaconda3/envs/teaching/lib/python3.11/site-packages/nbclient/client.py", line 1058, in async_execute_cell
    await self._check_raise_for_error(cell, cell_index, exec_reply)
  File "/Users/mike/opt/anaconda3/envs/teaching/lib/python3.11/site-packages/nbclient/client.py", line 914, in _check_raise_for_error
    raise CellExecutionError.from_cell_and_msg(cell, exec_reply_content)
nbclient.exceptions.CellExecutionError: An error occurred while executing the following cell:
------------------
# recreate the list of school objects using each of the subclasses above
schools = [Kindergarten('Lowell Elementary School'),
           Montessori('San Jose Montessori School'),
           University('San Jose State University')]

# loop through each of the School objects and call the print_age_group method
for school in schools:
    school.typical_class_size()
------------------


[0;31m---------------------------------------------------------------------------[0m
[0;31mTypeError[0m                                 Traceback (most recent call last)
Cell [0;32mIn[8], line 4[0m
[1;32m      1[0m [38;5;66;03m# recreate the list of school objects using each of the subclasses above[39;00m
[1;32m      2[0m schools [38;5;241m=[39m [Kindergarten([38;5;124m'[39m[38;5;124mLowell Elementary School[39m[38;5;124m'[39m),
[1;32m      3[0m            Montessori([38;5;124m'[39m[38;5;124mSan Jose Montessori School[39m[38;5;124m'[39m),
[0;32m----> 4[0m            [43mUniversity[49m[43m([49m[38;5;124;43m'[39;49m[38;5;124;43mSan Jose State University[39;49m[38;5;124;43m'[39;49m[43m)[49m]
[1;32m      6[0m [38;5;66;03m# loop through each of the School objects and call the print_age_group method[39;00m
[1;32m      7[0m [38;5;28;01mfor[39;00m school [38;5;129;01min[39;00m schools:

[0;31mTypeError[0m: Can't instantiate abstract class University with abstract method typical_class_size

